app/build/intermediates/manifest_merge_blame_file/debug/manifest-merger-blame-debug-report.txt
1<?xml version="1.0" encoding="utf-8"?>
2<!--
3  ~ Copyright (C) 2021 The Android Open Source Project.
4  ~
5  ~ Licensed under the Apache License, Version 2.0 (the "License");
6  ~ you may not use this file except in compliance with the License.
7  ~ You may obtain a copy of the License at
8  ~
9  ~     http://www.apache.org/licenses/LICENSE-2.0
10  ~
11  ~ Unless required by applicable law or agreed to in writing, software
12  ~ distributed under the License is distributed on an "AS IS" BASIS,
13  ~ WITHOUT WARRANTIES OR CONDITIONS OF ANY KIND, either express or implied.
14  ~ See the License for the specific language governing permissions and
15  ~ limitations under the License.
16-->
17<manifest xmlns:android="http://schemas.android.com/apk/res/android"
18    package="com.example.android.marsphotos"
19    android:versionCode="1"
20    android:versionName="1.0" >
21
22    <uses-sdk
23        android:minSdkVersion="21"
23-->src\main\AndroidManifest.xml
24        android:targetSdkVersion="30" />
24-->src\main\AndroidManifest.xml
25
26    <uses-permission android:name="android.permission.INTERNET" />
26-->src\main\AndroidManifest.xml:20:5-67
26-->src\main\AndroidManifest.xml:20:22-64
27
28    <application
28-->src\main\AndroidManifest.xml:22:5-36:19
29        android:allowBackup="true"
29-->src\main\AndroidManifest.xml:23:9-35
30        android:appComponentFactory="androidx.core.app.CoreComponentFactory"
30-->[androidx.core:core:1.3.2] AndroidManifest.xml:24:18-86
31        android:debuggable="true"
32        android:icon="@mipmap/ic_launcher"
32-->src\main\AndroidManifest.xml:24:9-43
33        android:label="@string/app_name"
33-->src\main\AndroidManifest.xml:25:9-41
34        android:roundIcon="@mipmap/ic_launcher_round"
34-->src\main\AndroidManifest.xml:26:9-54
35        android:supportsRtl="true"
35-->src\main\AndroidManifest.xml:27:9-35
36        android:testOnly="true"
37        android:theme="@style/Theme.MarsPhotos" >
37-->src\main\AndroidManifest.xml:28:9-48
38        <activity android:name="com.example.android.marsphotos.MainActivity" >
38-->src\main\AndroidManifest.xml:29:9-35:20
38-->src\main\AndroidManifest.xml:29:19-77
39            <intent-filter>
39-->src\main\AndroidManifest.xml:30:13-34:29
40                <action android:name="android.intent.action.MAIN" />
40-->src\main\AndroidManifest.xml:31:17-69
40-->src\main\AndroidManifest.xml:31:25-66
41
42                <category android:name="android.intent.category.LAUNCHER" />
42-->src\main\AndroidManifest.xml:33:17-77
42-->src\main\AndroidManifest.xml:33:27-74
43            </intent-filter>
44        </activity>
45    </application>
46
47</manifest>